<?xml version="1.0"?>
<configuration>
<property><name>e</name><value>f</value></property>
<property><name>g</name><value>h</value></property>
</configuration>
